# JRE version: OpenJDK Runtime Environment (8.0_112-b06) (build 1.8.0_112-release-408-b6)
# Java VM: OpenJDK Server VM (25.112-b6 mixed mode windows-x86 )
Heap:
 par new generation   total 39296K, used 21912K [0x11e00000, 0x148a0000, 0x1c8a0000)
  eden space 34944K,  62% used [0x11e00000, 0x1335caf8, 0x14020000)
  from space 4352K,   0% used [0x14020000, 0x14029840, 0x14460000)
  to   space 4352K,   0% used [0x14460000, 0x14460000, 0x148a0000)
 concurrent mark-sweep generation total 233004K, used 181781K [0x1c8a0000, 0x2ac2b000, 0x31e00000)
 Metaspace       used 147804K, capacity 152204K, committed 152320K, reserved 152960K
GC Heap History (10 events):
Event: 782785.079 GC heap before
{Heap before GC invocations=9275 (full 13):
 par new generation   total 39296K, used 34982K [0x11e00000, 0x148a0000, 0x1c8a0000)
  eden space 34944K, 100% used [0x11e00000, 0x14020000, 0x14020000)
  from space 4352K,   0% used [0x14460000, 0x14469840, 0x148a0000)
  to   space 4352K,   0% used [0x14020000, 0x14020000, 0x14460000)
 concurrent mark-sweep generation total 233004K, used 181781K [0x1c8a0000, 0x2ac2b000, 0x31e00000)
 Metaspace       used 147804K, capacity 152204K, committed 152320K, reserved 152960K
Event: 782785.086 GC heap after
Heap after GC invocations=9276 (full 13):
 par new generation   total 39296K, used 38K [0x11e00000, 0x148a0000, 0x1c8a0000)
  eden space 34944K,   0% used [0x11e00000, 0x11e00000, 0x14020000)
  from space 4352K,   0% used [0x14020000, 0x14029840, 0x14460000)
  to   space 4352K,   0% used [0x14460000, 0x14460000, 0x148a0000)
 concurrent mark-sweep generation total 233004K, used 181781K [0x1c8a0000, 0x2ac2b000, 0x31e00000)
 Metaspace       used 147804K, capacity 152204K, committed 152320K, reserved 152960K
}
Event: 782800.007 GC heap before
{Heap before GC invocations=9276 (full 13):
 par new generation   total 39296K, used 34982K [0x11e00000, 0x148a0000, 0x1c8a0000)
  eden space 34944K, 100% used [0x11e00000, 0x14020000, 0x14020000)
  from space 4352K,   0% used [0x14020000, 0x14029840, 0x14460000)
  to   space 4352K,   0% used [0x14460000, 0x14460000, 0x148a0000)
 concurrent mark-sweep generation total 233004K, used 181781K [0x1c8a0000, 0x2ac2b000, 0x31e00000)
 Metaspace       used 147804K, capacity 152204K, committed 152320K, reserved 152960K
Event: 782800.014 GC heap after
Heap after GC invocations=9277 (full 13):
 par new generation   total 39296K, used 36K [0x11e00000, 0x148a0000, 0x1c8a0000)
  eden space 34944K,   0% used [0x11e00000, 0x11e00000, 0x14020000)
  from space 4352K,   0% used [0x14460000, 0x14469040, 0x148a0000)
  to   space 4352K,   0% used [0x14020000, 0x14020000, 0x14460000)
 concurrent mark-sweep generation total 233004K, used 181781K [0x1c8a0000, 0x2ac2b000, 0x31e00000)
 Metaspace       used 147804K, capacity 152204K, committed 152320K, reserved 152960K
}
Event: 782814.920 GC heap before
{Heap before GC invocations=9277 (full 13):
 par new generation   total 39296K, used 34980K [0x11e00000, 0x148a0000, 0x1c8a0000)
  eden space 34944K, 100% used [0x11e00000, 0x14020000, 0x14020000)
  from space 4352K,   0% used [0x14460000, 0x14469040, 0x148a0000)
  to   space 4352K,   0% used [0x14020000, 0x14020000, 0x14460000)
 concurrent mark-sweep generation total 233004K, used 181781K [0x1c8a0000, 0x2ac2b000, 0x31e00000)
 Metaspace       used 147804K, capacity 152204K, committed 152320K, reserved 152960K
Event: 782814.926 GC heap after
Heap after GC invocations=9278 (full 13):
 par new generation   total 39296K, used 38K [0x11e00000, 0x148a0000, 0x1c8a0000)
  eden space 34944K,   0% used [0x11e00000, 0x11e00000, 0x14020000)
  from space 4352K,   0% used [0x14020000, 0x14029840, 0x14460000)
  to   space 4352K,   0% used [0x14460000, 0x14460000, 0x148a0000)
 concurrent mark-sweep generation total 233004K, used 181781K [0x1c8a0000, 0x2ac2b000, 0x31e00000)
 Metaspace       used 147804K, capacity 152204K, committed 152320K, reserved 152960K
}
Event: 782829.878 GC heap before
{Heap before GC invocations=9278 (full 13):
 par new generation   total 39296K, used 34982K [0x11e00000, 0x148a0000, 0x1c8a0000)
  eden space 34944K, 100% used [0x11e00000, 0x14020000, 0x14020000)
  from space 4352K,   0% used [0x14020000, 0x14029840, 0x14460000)
  to   space 4352K,   0% used [0x14460000, 0x14460000, 0x148a0000)
 concurrent mark-sweep generation total 233004K, used 181781K [0x1c8a0000, 0x2ac2b000, 0x31e00000)
 Metaspace       used 147804K, capacity 152204K, committed 152320K, reserved 152960K
Event: 782829.890 GC heap after
Heap after GC invocations=9279 (full 13):
 par new generation   total 39296K, used 38K [0x11e00000, 0x148a0000, 0x1c8a0000)
  eden space 34944K,   0% used [0x11e00000, 0x11e00000, 0x14020000)
  from space 4352K,   0% used [0x14460000, 0x14469840, 0x148a0000)
  to   space 4352K,   0% used [0x14020000, 0x14020000, 0x14460000)
 concurrent mark-sweep generation total 233004K, used 181781K [0x1c8a0000, 0x2ac2b000, 0x31e00000)
 Metaspace       used 147804K, capacity 152204K, committed 152320K, reserved 152960K
}
Event: 782844.792 GC heap before
{Heap before GC invocations=9279 (full 13):
 par new generation   total 39296K, used 34982K [0x11e00000, 0x148a0000, 0x1c8a0000)
  eden space 34944K, 100% used [0x11e00000, 0x14020000, 0x14020000)
  from space 4352K,   0% used [0x14460000, 0x14469840, 0x148a0000)
  to   space 4352K,   0% used [0x14020000, 0x14020000, 0x14460000)
 concurrent mark-sweep generation total 233004K, used 181781K [0x1c8a0000, 0x2ac2b000, 0x31e00000)
 Metaspace       used 147804K, capacity 152204K, committed 152320K, reserved 152960K
Event: 782844.804 GC heap after
Heap after GC invocations=9280 (full 13):
 par new generation   total 39296K, used 38K [0x11e00000, 0x148a0000, 0x1c8a0000)
  eden space 34944K,   0% used [0x11e00000, 0x11e00000, 0x14020000)
  from space 4352K,   0% used [0x14020000, 0x14029840, 0x14460000)
  to   space 4352K,   0% used [0x14460000, 0x14460000, 0x148a0000)
 concurrent mark-sweep generation total 233004K, used 181781K [0x1c8a0000, 0x2ac2b000, 0x31e00000)
 Metaspace       used 147804K, capacity 152204K, committed 152320K, reserved 152960K
}

